<?xml version="1.0" encoding="UTF-8"?>
<testsuite xmlns:xsi="http://www.w3.org/2001/XMLSchema-instance" xsi:noNamespaceSchemaLocation="https://maven.apache.org/surefire/maven-surefire-plugin/xsd/surefire-test-report.xsd" name="runner.TestRunner" time="146.312" tests="13" errors="1" skipped="0" failures="0">
  <properties>
[...]
</properties>
  <testcase name="User verify all items are present in Desktops tab" classname="Desktops" time="6.162"/>
  <testcase name="User add HP LP 3065  from Desktops tab to the cart" classname="Desktops" time="10.823"/>
  <testcase name="User add Canon EOS 5D from Desktops tab to the cart" classname="Desktops" time="13.018"/>
  <testcase name="User add a review to Canon EOS 5D item in Desktops tab" classname="Desktops" time="7.521"/>
  <testcase name="User verify currency values change" classname="Home Page" time="5.468"/>
  <testcase name="User empty Shopping cart message displays" classname="Home Page" time="11.332"/>
  <testcase name="Add and Remove a Mac book from Cart" classname="Laptop &amp; NoteBooks" time="10.947"/>
  <testcase name="Product Comparison" classname="Laptop &amp; NoteBooks" time="6.47"/>
  <testcase name="Adding an item to Wish list" classname="Laptop &amp; NoteBooks" time="3.926"/>
  <testcase name="Validate the price of MacBook Pro is 2000" classname="Laptop &amp; NoteBooks" time="13.775"/>
  <testcase name="Register as an Affiliate user with Cheque Payment Method" classname="Retail Page Feature" time="36.605">
    <error message="no such element: Unable to locate element: {&quot;method&quot;:&quot;link text&quot;,&quot;selector&quot;:&quot;//a[text()=&apos;Register for an affiliate account&apos;]&quot;}&#10;  (Session info: chrome=102.0.5005.115)&#10;For documentation on this error, please visit: https://www.seleniumhq.org/exceptions/no_such_element.html&#10;Build info: version: &apos;3.141.59&apos;, revision: &apos;e82be7d358&apos;, time: &apos;2018-11-14T08:17:03&apos;&#10;System info: host: &apos;LAPTOP-BPIR9AAS&apos;, ip: &apos;10.0.0.124&apos;, os.name: &apos;Windows 10&apos;, os.arch: &apos;amd64&apos;, os.version: &apos;10.0&apos;, java.version: &apos;17.0.1&apos;&#10;Driver info: org.openqa.selenium.chrome.ChromeDriver&#10;Capabilities {acceptInsecureCerts: false, browserName: chrome, browserVersion: 102.0.5005.115, chrome: {chromedriverVersion: 102.0.5005.61 (0e59bcc00cc4..., userDataDir: C:\Users\nasra\AppData\Loca...}, goog:chromeOptions: {debuggerAddress: localhost:62077}, javascriptEnabled: true, networkConnectionEnabled: false, pageLoadStrategy: normal, platform: WINDOWS, platformName: WINDOWS, proxy: Proxy(), setWindowRect: true, strictFileInteractability: false, timeouts: {implicit: 0, pageLoad: 300000, script: 30000}, unhandledPromptBehavior: dismiss and notify, webauthn:extension:credBlob: true, webauthn:extension:largeBlob: true, webauthn:virtualAuthenticators: true}&#10;Session ID: 3e831fbfbb83ce227e97d5e58a6c8be5&#10;*** Element info: {Using=link text, value=//a[text()=&apos;Register for an affiliate account&apos;]}" type="org.openqa.selenium.NoSuchElementException">org.openqa.selenium.NoSuchElementException: 
no such element: Unable to locate element: {"method":"link text","selector":"//a[text()='Register for an affiliate account']"}
  (Session info: chrome=102.0.5005.115)
For documentation on this error, please visit: https://www.seleniumhq.org/exceptions/no_such_element.html
Build info: version: '3.141.59', revision: 'e82be7d358', time: '2018-11-14T08:17:03'
System info: host: 'LAPTOP-BPIR9AAS', ip: '10.0.0.124', os.name: 'Windows 10', os.arch: 'amd64', os.version: '10.0', java.version: '17.0.1'
Driver info: org.openqa.selenium.chrome.ChromeDriver
Capabilities {acceptInsecureCerts: false, browserName: chrome, browserVersion: 102.0.5005.115, chrome: {chromedriverVersion: 102.0.5005.61 (0e59bcc00cc4..., userDataDir: C:\Users\nasra\AppData\Loca...}, goog:chromeOptions: {debuggerAddress: localhost:62077}, javascriptEnabled: true, networkConnectionEnabled: false, pageLoadStrategy: normal, platform: WINDOWS, platformName: WINDOWS, proxy: Proxy(), setWindowRect: true, strictFileInteractability: false, timeouts: {implicit: 0, pageLoad: 300000, script: 30000}, unhandledPromptBehavior: dismiss and notify, webauthn:extension:credBlob: true, webauthn:extension:largeBlob: true, webauthn:virtualAuthenticators: true}
Session ID: 3e831fbfbb83ce227e97d5e58a6c8be5
*** Element info: {Using=link text, value=//a[text()='Register for an affiliate account']}
</error>
    <system-out><![CDATA[
@myCapstonProject
Scenario: Register as an Affiliate user with Cheque Payment Method                              # feature/retailPage.feature:14
 INFO [main] (Initializer.java:22)- Scenario Register as an Affiliate user with Cheque Payment Method started
 INFO [main] (DesktopStepDef.java:22)- user is in homepage
  Given User is on Retail website                                                               # step.definition.DesktopStepDef.user_is_on_retail_website()
 INFO [main] (RetailSteps.java:25)- User clicked  on MyAccount
  And User click  on MyAccount                                                                  # step.definition.RetailSteps.user_click_on_my_account()
 INFO [main] (RetailSteps.java:31)- User clicked on Login
  When User click on Login                                                                      # step.definition.RetailSteps.user_click_on_login()
 INFO [main] (RetailSteps.java:38)- User entered username ‘userName’ and password 'password’
  And User enter username â€˜userNameâ€™ and password 'passwordâ€™                                    # step.definition.RetailSteps.user_enter_username_user_name_and_password_password()
 INFO [main] (RetailSteps.java:44)- User clicked on Login button
  And User click on Login button                                                                # step.definition.RetailSteps.user_click_on_login_button()
My Account
 INFO [main] (RetailSteps.java:50)- User can see logged in to MyAccount dashboard
  Then User should be logged in to MyAccount dashboard                                          # step.definition.RetailSteps.user_should_be_logged_in_to_my_account_dashboard()
  When User click on â€˜Register for an Affiliate Accountâ€™ link                                   # step.definition.RetailSteps.user_click_on_register_for_an_affiliate_account_link()
      org.openqa.selenium.NoSuchElementException: no such element: Unable to locate element: {"method":"link text","selector":"//a[text()='Register for an affiliate account']"}
  (Session info: chrome=102.0.5005.115)
For documentation on this error, please visit: https://www.seleniumhq.org/exceptions/no_such_element.html
Build info: version: '3.141.59', revision: 'e82be7d358', time: '2018-11-14T08:17:03'
System info: host: 'LAPTOP-BPIR9AAS', ip: '10.0.0.124', os.name: 'Windows 10', os.arch: 'amd64', os.version: '10.0', java.version: '17.0.1'
Driver info: org.openqa.selenium.chrome.ChromeDriver
Capabilities {acceptInsecureCerts: false, browserName: chrome, browserVersion: 102.0.5005.115, chrome: {chromedriverVersion: 102.0.5005.61 (0e59bcc00cc4..., userDataDir: C:\Users\nasra\AppData\Loca...}, goog:chromeOptions: {debuggerAddress: localhost:62077}, javascriptEnabled: true, networkConnectionEnabled: false, pageLoadStrategy: normal, platform: WINDOWS, platformName: WINDOWS, proxy: Proxy(), setWindowRect: true, strictFileInteractability: false, timeouts: {implicit: 0, pageLoad: 300000, script: 30000}, unhandledPromptBehavior: dismiss and notify, webauthn:extension:credBlob: true, webauthn:extension:largeBlob: true, webauthn:virtualAuthenticators: true}
Session ID: 3e831fbfbb83ce227e97d5e58a6c8be5
*** Element info: {Using=link text, value=//a[text()='Register for an affiliate account']}
	at java.base/jdk.internal.reflect.NativeConstructorAccessorImpl.newInstance0(Native Method)
	at java.base/jdk.internal.reflect.NativeConstructorAccessorImpl.newInstance(NativeConstructorAccessorImpl.java:77)
	at java.base/jdk.internal.reflect.DelegatingConstructorAccessorImpl.newInstance(DelegatingConstructorAccessorImpl.java:45)
	at java.base/java.lang.reflect.Constructor.newInstanceWithCaller(Constructor.java:499)
	at java.base/java.lang.reflect.Constructor.newInstance(Constructor.java:480)
	at org.openqa.selenium.remote.http.W3CHttpResponseCodec.createException(W3CHttpResponseCodec.java:187)
	at org.openqa.selenium.remote.http.W3CHttpResponseCodec.decode(W3CHttpResponseCodec.java:122)
	at org.openqa.selenium.remote.http.W3CHttpResponseCodec.decode(W3CHttpResponseCodec.java:49)
	at org.openqa.selenium.remote.HttpCommandExecutor.execute(HttpCommandExecutor.java:158)
	at org.openqa.selenium.remote.service.DriverCommandExecutor.execute(DriverCommandExecutor.java:83)
	at org.openqa.selenium.remote.RemoteWebDriver.execute(RemoteWebDriver.java:552)
	at org.openqa.selenium.remote.RemoteWebDriver.findElement(RemoteWebDriver.java:323)
	at org.openqa.selenium.remote.RemoteWebDriver.findElementByLinkText(RemoteWebDriver.java:380)
	at org.openqa.selenium.By$ByLinkText.findElement(By.java:220)
	at org.openqa.selenium.remote.RemoteWebDriver.findElement(RemoteWebDriver.java:315)
	at org.openqa.selenium.support.pagefactory.DefaultElementLocator.findElement(DefaultElementLocator.java:69)
	at org.openqa.selenium.support.pagefactory.internal.LocatingElementHandler.invoke(LocatingElementHandler.java:38)
	at jdk.proxy2/jdk.proxy2.$Proxy20.click(Unknown Source)
	at page.objects.RetailPageObj.clickOnRegisterForAnAffiliateAccount(RetailPageObj.java:141)
	at step.definition.RetailSteps.user_click_on_register_for_an_affiliate_account_link(RetailSteps.java:57)
	at âœ½.User click on â€˜Register for an Affiliate Accountâ€™ link(classpath:feature/retailPage.feature:15)

  And User fill affiliate form with below information                                           # step.definition.RetailSteps.user_fill_affiliate_form_with_below_information(io.cucumber.datatable.DataTable)
  And User check on About us check box                                                          # step.definition.RetailSteps.user_check_on_about_us_check_box()
  And User click on Continue button                                                             # step.definition.RetailSteps.user_click_on_continue_button()
  Then User should see a success message 'Success: Your account has been successfully updated.' # step.definition.RetailSteps.user_should_see_a_success_message(java.lang.String)
 INFO [main] (Initializer.java:32)- Scenario Register as an Affiliate user with Cheque Payment Method FAILED
]]></system-out>
    <system-err><![CDATA[Starting ChromeDriver 102.0.5005.61 (0e59bcc00cc4985ce39ad31c150065f159d95ad3-refs/branch-heads/5005@{#819}) on port 25153
Only local connections are allowed.
Please see https://chromedriver.chromium.org/security-considerations for suggestions on keeping ChromeDriver safe.
ChromeDriver was started successfully.
Jun 23, 2022 12:58:42 PM org.openqa.selenium.remote.ProtocolHandshake createSession
INFO: Detected dialect: W3C
]]></system-err>
  </testcase>
  <testcase name="Edit your affiliate information from Cheque payment method to Bank Transfer" classname="Retail Page Feature" time="10.52"/>
  <testcase name="Edit your account Information" classname="Retail Page Feature" time="6.097"/>
</testsuite>